184
25
4426
4011
4115
5347
5578
5277
5621
5587
5587
4405
4626
4712
4249
4277
4315
5061
5125
5429
5161
5459
5950
6360
6293
6464
6509
6535
6264
7832
7910
8867
8873
7125
6918
6730
7689
6921
7407
7407
8671
8671
8591
8384
7490
6666
6589
6711
7263
7686
7569
7279
5274
5335
5564
4720
5304
5516
5941
5935
5480
5760
5666
5477
5697
5722
5319
6281
6524
6200
6694
5026
5442
5604
7236
4801
5149
4940
5102
4958
6804
7246
7209
7172
5220
5457
6105
6446
4919
4957
5966
5608
6662
6658
5650
5813
6254
6430
7019
7033
6806
6383
6461
6337
6369
5479
5642
5642
5766
5766
4567
5873
6364
7096
6676
7345
7168
7423
7351
7528
7499
7556
7348
8063
8958
7669
7725
7469
7572
7188
7399
6699
6151
6191
6791
6572
6709
6771
7708
4678
4701
4869
5091
5087
6701
6174
8744
4836
4706
4601
4648
4770
4901
4799
4810
4836
5665
6183
6235
6230
6401
4955
5138
5273
4955
5846
4827
5038
4930
5561
6185
6308
5014
5775
5884
5479
5694
5049
6661
6480
6932
6290
6324
6231
7288
6306
6569
5120
5125
5246
5918
5452
6322
6362
5822
6344
6156
6161
6244
5449
5499
5796
5051
5316
5120
5256
5393
5393
6327
5982
6043
6069
6106
5618
7107
7285
4735
4970
6514
6517
6614
5332
6558
7160
5038
5156
6115
6527
6877
6606
6071
5056
6044
6060
6946
6348
6020
5343
5813
5630
5764
6482
6868
7379
6968
7427
5567
5628
5637
5665
5798
5582
5809
5908
6671
6757
6321
6335
6892
6918
5367
6133
6832
6825
6743
5378
5442
6696
6813
6884
5215
6459
6973
6983
6893
7572
7388
7773
7871
7406
6625
6767
6783
5151
6017
6057
6000
6003
6056
6243
6489
6779
7511
5739
5896
6997
6810
6808
6983
7963
8981
5408
6185
5295
5329
5866
5947
5770
5999
6059
6503
6508
7019
6576
5427
5535
6215
6966
7078
6889
6274
6662
5314
5591
6076
7148
6996
6996
7023
7135
5288
6103
6105
6671
6551
6881
7096
6696
5590
5677
5762
5827
6998
6880
7381
7693
6181
5292
6986
6922
7039
7039
7081
7105
7234
7650
7015
6633
7159
7228
8581
6240
6373
6463
6497
6702
6781
7109
7127
6292
6048
6129
4856
4935
5264
5465
5597
5523
5577
4934
6393
6536
6815
7514
5623
5520
5702
6016
6018
6172
6525
6543
6617
6654
6652
6147
6270
6668
6301
6416
6566
6550
6564
6453
6590
6775
6943
6978
7861
8004
6766
6437
6659
7212
6242
6236
6383
5857
5879
5930
6806
6412
7034
7141
6502
7505
7515
7500
7649
7753
8308
8365
8467
5818
5964
6246
6586
5742
6686
6642
6115
7033
8129
7983
8128
7549
7319
8080
7107
7193
6621
6623
7028
5386
5804
6508
6772
6707
6180
6819
6492
6473
6880
6677
6830
5288
5350
5469
6521
7623
7256
6969
7589
5866
5540
5886
5542
5546
6532
6733
6907
7171
7663
6680
6702
6717
6736
5824
6624
6250
6325
6845
5842
6707
6293
6342
6795
6942
6154
6416
5692
6168
6164
5732
6164
6298
6586
5025
5266
5428
5330
5488
5514
5614
6476
5355
5602
5467
5685
6400
6506
5977
6481
6017
6352
6055
5946
5289
6529
5067
5551
5718
5660
5470
5511
5414
5941
6356
6615
6538
5377
5917
4900
5945
6089
6126
6379
6546
6436
6438
6471
7372
7000
7584
6499
7080
7039
7039
6004
5693
5510
5753
5702
4910
5958
5090
5607
6723
5191
6590
5303
5535
5789
6322
6314
6345
6638
6538
6685
6738
6928
6288
6165
6485
6172
5968
6329
4933
5233
5638
5709
5031
5160
5229
5518
5323
5967
5411
5167
5601
6372
7005
6762
6720
7209
6585
7052
7174
5066
5069
5188
5211
5308
5964
6007
4772
5414
5276
4941
5172
5276
5738
5805
5806
5795
6432
6169
6711
6803
6843
6789
6921
6237
5473
6247
6080
6835
6712
8129
6246
6401
6254
5686
5786
5840
6915
7422
7785
7803
7866
7918
7919
7613
7323
6620
6410
6689
6824
8310
7751
7551
7990
7870
4938
5592
5976
6223
5619
5976
5373
5291
5176
5218
5362
5551
5963
6068
5623
5759
5666
5773
5430
5978
6833
6578
6958
7003
6612
7349
7395
6435
7147
6648
6258
6410
5784
6382
7720
7214
7764
7319
4895
5404
6124
5289
6319
6909
7191
6370
5059
6392
6410
5301
5304
6136
5945
6257
6292
6453
6635
6800
6930
6704
6853
6986
8017
6943
7240
7459
7459
8156
6526
7040
7090
5110
5887
6318
6573
6573
7724
7310
7626
7573
5199
6604
6572
7824
7881
7690
7394
7746
7674
7270
5388
6108
5995
6670
6617
6913
7981
5238
6098
6315
6222
6553
6458
6231
6739
5222
5231
6056
5819
6508
6508
6369
7227
6421
6799
7287
6963
5676
5927
6027
6768
6689
6630
5690
6201
6342
6742
5839
6554
6554
4949
5677
5647
5655
6671
6572
6671
5459
6207
6981
7074
6503
7080
8084
7150
6207
5292
6443
6764
6989
6886
6823
6351
6143
6399
6432
6592
6548
6987
8051
8208
6820
5041
5101
5524
6392
6494
6546
7553
6784
7100
6164
5466
4873
5140
5216
6849
6556
6803
7367
6856
6827
6645
5295
5609
5582
5973
6429
7078
5744
6255
5653
6614
6665
6586
6689
5355
5504
5886
6014
6168
5687
5687
6461
6508
6467
5260
6407
6968
7037
6370
6382
7154
6545
7129
7266
6940
6954
6606
5013
5243
5365
5792
6265
6316
6502
6197
6551
6932
5499
5575
5288
5606
5706
5306
5746
6170
6155
6184
6736
6687
6231
6399
6441
6443
6627
6068
6437
6540
6400
6957
6675
5786
5964
6023
6077
5996
7270
6732
7139
7211
6067
6347
6142
5100
5053
5141
5161
6316
6599
5225
6172
5870
5882
5377
5315
5575
5640
5531
5685
5321
5508
5440
5486
5750
5296
5843
5849
5943
6383
6570
6570
6339
7852
7469
5836
5743
5765
6304
5912
6104
6308
6462
5548
6717
6919
6400
7540
7235
6329
6747
6833
7271
6905
5056
5388
5929
5746
5824
5863
5864
6101
6302
6410
6338
6351
6808
6384
5340
5545
5633
5726
5733
5405
5233
6010
6551
6551
6465
6085
6639
5864
5869
6101
6539
7471
8098
8099
8758
5688
7260
8310
8461
8353
5546
6178
5763
5930
5828
5537
6418
6608
6512
6608
6564
6570
6659
7165
7199
6956
6922
7053
6866
7311
6538
6669
5742
6476
6678
6245
7082
7101
6916
7112
7180
7092
6834
5463
6802
6831
6801
6439
6439
6961
7175
7125
7214
8331
8886
7919
7660
7598
5914
5591
5870
5878
6123
6137
6380
6477
6477
6472
6294
6141
6561
6568
5732
6180
6841
6431
6453
6724
6392
5519
5834
6190
6199
6649
6682
6428
6826
5660
5953
5953
5965
7104
6505
7090
7554
7754
7742
6312
7220
6977
7716
7857
7406
5530
5610
6067
6145
6293
6311
5876
6736
6757
7052
6076
6130
6880
6839
6751
6997
8087
6402
6747
6749
5892
5823
6038
6019
6039
6051
6581
5660
5693
6144
6559
6327
6742
7038
7033
7027
7003
6739
6839
6847
7225
7225
7234
7250
6545
7238
6662
6715
6885
6307
6334
6603
7094
7099
7253
7108
7111
6921
6871
6843
6805
6719
7101
5972
8064
9138
8181
6407
6258
5902
5935
5910
6955
6391
6880
6392
6623
6486
6664
6020
6921
6878
6973
5868
5671
6787
7401
7305
6581
6551
6667
8289
8393
6168
6313
5990
5719
7084
6880
6906
6903
5522
5732
5741
5878
5757
5805
6107
5768
6600
6361
6161
5308
5641
6325
6239
6084
6588
5587
5593
6810
6371
6221
6189
6043
5590
5472
5694
5049
5508
5224
5264
5281
6418
6281
6411
6408
6305
6254
7217
5323
5151
6344
5579
6111
5082
6009
5145
5145
5164
6005
6635
6619
6506
6686
5422
5397
6598
6264
6047
6065
7265
7872
7052
6893
6956
6972
6876
5637
6515
6518
6135
6060
6379
6603
6720
6790
6439
7007
5771
5765
6208
6397
5145
5930
6298
6020
6020
5567
5856
5824
5699
5722
5579
5634
5978
5948
6094
6882
6303
6809
7025
7159
6989
5075
5286
5570
5607
5677
6336
5892
5736
7162
6511
5202
6190
5238
5248
6022
6170
6311
6007
6433
7307
6218
7561
8391
8014
5804
5804
6378
7376
6441
6079
7349
7771
6745
6701
5340
5540
5998
5896
5898
6087
6107
5470
5819
5890
5141
5252
6260
7130
5784
7746
7764
7417
7424
6079
5691
5738
6737
5810
5818
5862
5970
6935
7386
7401
5775
6611
6412
6864
6560
6197
5675
6398
6271
6694
6458
7124
7349
6946
8273
8273
7683
5106
5118
5128
6457
7328
6769
6771
7788
7158
5566
6509
6926
7440
5741
6432
6481
6491
6710
5790
5798
5132
6044
6045
6823
6181
6073
6937
7276
6297
7130
7348
5240
5440
5376
6654
7255
7380
7288
7443
7401
7475
7665
7383
7688
7670
7310
7393
5001
5281
5512
5728
5137
5345
5362
5388
6179
6480
6592
7213
8268
8055
5137
5663
5852
5986
6995
6063
6093
6907
6909
6938
7028
5043
5319
5702
6234
5933
6593
6185
5914
5796
5588
6131
5392
6460
5553
5233
5254
6211
6841
6896
6913
6437
6445
6041
6866
5141
5279
5359
5629
5696
5699
5469
5850
5877
6375
6536
6500
6410
6293
6518
6122
7813
8002
8345
9727
9095
9095
8727
8250
5624
6321
5795
6335
6227
6106
6164
5870
6012
7066
7824
7436
7370
7478
7064
6844
7040
7735
7374
7099
7505
6742
6656
6675
6556
6413
6379
7317
8123
6352
6243
6498
6590
6751
6798
6564
6341
6901
6905
6859
6693
6972
5179
5314
5999
5658
5830
7395
6091
6570
6586
6864
6560
7126
7001
7107
6658
6877
5470
6524
5509
5509
5611
6041
5355
5921
6589
6762
6735
7245
6826
5557
6779
7081
7284
7062
6924
6888
6898
5114
5673
5548
6299
7663
5614
5691
6243
6177
6337
5723
6143
6866
5617
5673
5811
5742
6943
7408
7336
7358
6247
6106
7163
6653
6965
6914
6370
7357
7808
7508
7469
8096
8551
8556
8502
6920
6860
8497
8324
7883
7434
5823
5581
5666
5914
6350
6602
6509
6708
6963
8947
8224
7890
7841
7795
7837
6853
6892
7220
7313
5393
6582
5649
6815
7220
5344
5369
5616
5856
6285
6506
5579
6513
6549
6533
6508
6544
6623
6665
7017
5940
6098
6139
6173
6650
6656
6315
5228
5236
5436
5494
5764
6390
6527
6409
6815
6451
5917
6945
7029
7080
7740
7854
8230
6381
6991
6463
6604
6836
6971
6910
6547
6190
6535
5393
5417
6388
6376
6428
6360
6302
6105
6463
6150
6188
6661
7061
6755
6979
5926
6096
7299
8443
7097
7524
7478
7330
7481
5048
5974
5861
5861
6175
6534
6626
6470
6101
6686
6027
6219
6991
6996
5289
5458
6162
7053
6775
6024
5419
5434
5249
6136
6143
6275
6629
6089
5706
5432
6520
7058
6984
5706
6716
5579
6372
6555
6554
5744
6023
6520
5035
5182
5442
5701
5945
6376
6478
6478
6869
6725
6715
6509
6528
6521
5026
6114
6537
6205
6296
6214
6641
6306
6892
7376
7003
6151
6214
5607
6578
6727
6521
7554
7382
6066
5913
5972
7063
7544
7160
5263
5350
5440
6016
6554
5742
6734
6650
6535
6776
6732
6797
7630
7351
6832
7671
7762
7317
7807
7385
5353
5321
5460
6464
7166
7245
7065
6235
5422
6383
6425
6099
5654
6577
6643
6654
6826
7596
6920
7245
5509
5760
5807
5853
6274
6434
6358
6079
6207
5523
5575
5663
6116
6776
7804
5666
5684
6873
6764
5590
5628
6908
6847
6784
6712
6541
6284
7255
6270
6721
6683
6542
7148
7068
5988
6287
5722
5788
5793
6886
7054
7163
7031
7278
7081
7556
7018
5477
5731
6499
5105
5468
6769
7298
7309
6468
6604
7464
7572
7684
7424
7595
7778
7470
7082
6898
7068
7421
7375
6868
6948
6529
6538
6379
6036
6915
6952
7322
7226
6348
6874
6766
7214
7148
6999
7447
5917
5758
6875
6864
6869
6947
5482
5539
5729
6825
6357
5034
5059
5070
5329
6372
5183
6471
6727
5440
5440
5433
6231
6258
6558
5528
6335
5706
5012
5044
6101
6073
7096
7104
7144
7512
7727
7218
7352
6896
5135
5586
5586
5677
5750
5795
6705
6414
6668
6063
6288
6326
5763
5777
6018
6186
6209
6236
6520
5996
6706
6702
5977
6864
6517
5980
6833
8055
7140
7152
8621
8869
8378
7921
6003
5928
6786
7108
6721
7364
6350
6705
6733
6882
6889
7363
7179
6833
6891
6954
7694
8009
7769
7769
5373
5669
5718
5636
5532
5834
6342
6440
6343
5946
6491
5496
5876
5749
5822
6056
6252
5573
6714
5405
5870
6138
6138
6712
6605
6620
6150
6388
6663
6314
6867
6679
6685
6646
7048
7029
7094
6207
7144
4975
5068
6167
5795
5635
5780
6151
4966
5212
5644
5714
6185
6069
6418
5988
6337
7346
6646
6947
6587
6807
6648
6005
6401
4874
5481
5411
5800
5866
6407
5077
5078
6371
6223
6611
6854
6678
5519
5535
6702
6201
5981
4981
6240
5006
5013
5733
5785
5787
6277
6035
6035
5661
5065
5418
5274
5274
5493
5509
6481
4847
4911
5034
5074
5147
5990
6322
6517
6736
6782
6707
6767
6836
7577
7441
7167
7251
7092
5764
5868
6345
6242
5012
6090
6778
6513
5322
5381
5624
5485
5386
5603
6996
7208
7103
7431
7541
8036
9229
9323
7195
6997
7469
7097
6098
5786
7502
4915
5828
6720
6743
7414
7894
7010
7823
7953
7520
7329
7728
7299
5166
6182
6291
6285
6452
6308
6603
6754
6743
5820
5943
6572
6691
6702
6805
6779
6859
6939
6769
6842
6730
6809
7122
7260
5820
5454
5943
6017
6270
6431
6674
6517
7439
7494
7262
7724
7369
8053
6156
6724
6981
4934
4941
5111
5225
5843
5276
5349
5392
4987
5677
5843
6061
6163
6502
6571
7375
8130
7640
5042
5351
5269
5277
5340
5176
5681
5958
6071
5993
6005
5338
5374
5792
5817
5895
5911
5927
5929
6160
5678
5739
5773
6844
6569
8281
7686
7552
6828
7813
7855
7855
7867
7797
5914
5989
6407
6436
6372
6069
5059
5329
5661
5450
5468
5436
6120
6180
6501
6074
6361
6536
6653
6734
6653
6844
6477
6477
6231
5609
5690
6338
6655
7120
7191
6162
6712
6233
6249
6261
6309
6039
6440
6137
6078
6306
6212
6149
6635
6739
5314
5367
5751
5751
5744
5681
5786
5504
7056
7226
6929
6270
6285
6661
6575
6692
6939
6931
7241
6875
7320
5234
5793
6169
7048
5918
5027
5178
5985
5990
6911
6758
5107
6497
6711
6840
5767
5770
6211
6184
6557
7536
7413
7413
7729
7029
7478
7115
7401
7028
7045
7060
5407
5561
5906
6063
6434
5670
5687
5974
5644
5833
5778
5758
5775
5892
6784
6657
6594
7129
7484
7538
5796
5895
6500
6630
6714
6794
6811
6346
7112
6688
6724
6617
7003
7330
7246
5535
5685
5915
5725
6036
6839
6881
6881
6660
6988
7265
6808
5830
5620
6687
5950
6419
6445
7411
7279
7461
7477
8573
7350
7379
7195
7187
5113
5362
5701
6329
5688
6771
6591
5069
5087
6105
4957
5115
5686
5842
5254
6034
6344
6347
5565
6081
6542
5964
6021
6369
6461
6103
6145
6148
5501
6059
6836
6350
7156
5321
5034
5144
5244
5359
5293
6105
6307
5789
6312
7254
6522
8740
8288
8782
5584
6403
6170
5647
6207
6207
6480
6905
6334
5988
6721
6840
6919
6983
6302
5694
6877
6932
6363
6918
6830
6493
6689
6053
5744
5859
6040
6439
6795
5069
5880
5978
6877
6740
5709
5416
5731
5787
6079
5324
5302
6128
6115
5491
5336
6665
6647
6746
7094
7365
5323
5359
5352
5438
5201
6873
7149
7585
7513
7210
7073
7812
7863
7442
6947
7001
6840
7370
7020
6796
6774
7324
7261
7343
7282
6986
7171
6898
7341
7531
6804
6891
6648
6991
7580
7868
7965
7429
7114
7738
7371
5047
5193
5261
5524
5716
6965
6974
7213
7140
7502
7978
8023
8151
7086
7209
6860
7215
7188
8570
8082
5524
5849
6348
6606
6542
6622
5934
6059
5608
6097
6312
5233
5531
5593
5830
5870
6018
5959
5597
5995
6161
6638
5686
5635
5831
5873
5896
5275
5507
5581
5680
6147
5643
6121
6170
5911
6582
5580
5666
5334
5604
5425
5545
5111
5203
6363
6559
7139
7299
6785
6798
7499
5291
5650
5271
5750
7219
7296
4847
4917
5252
5823
6178
6674
6240
6340
6052
6058
6429
6652
6269
5470
5430
5524
5767
5770
6048
6179
5764
5583
5530
5329
6059
6372
5639
5526
5556
5574
6085
6534
6831
6868
6832
6431
6443
6350
5839
5601
5373
5255
5514
5054
5754
5309
5545
6666
6530
6731
6457
7044
4982
6111
6143
5949
6970
6812
7044
7462
7445
8182
8209
6986
6710
6730
6818
6810
6269
6311
4904
6601
6731
7616
7620
7739
5148
5212
5376
6456
6689
5548
6366
7528
5524
5529
6638
6835
6864
6888
6929
7097
7327
7062
7262
7267
4974
4976
5222
5351
5577
5577
5714
5743
5686
5774
5910
5947
6397
6788
5748
5783
6440
6527
6445
6384
4957
5014
5338
5032
5029
5043
4936
6876
6947
7589
6895
6959
7429
7300
7499
7565
7297
7223
7226
6845
6879
7665
7458
7531
7284
7822
7307
6808
7508
5249
5966
5776
6088
4919
5747
6228
6009
5511
6027
5123
5231
6018
6276
6173
6185
6222
7073
6312
5284
6510
7848
7232
7099
7099
5448
5528
5497
5395
5378
6049
6257
6712
6884
6881
7365
5540
5136
4998
5110
5232
5587
5398
5458
6464
7218
6962
6333
6733
5501
5876
5583
6043
6714
7848
7246
7493
7673
7421
7474
6667
6712
6973
7155
7162
4953
5193
5878
6201
6537
5137
5525
5043
5126
6860
6796
6695
5510
6407
7257
5957
5350
5388
6247
6266
7001
6045
6046
5918
5816
6512
6517
6611
6251
6227
5662
5547
5762
5795
5498
5688
5894
5894
6327
6336
5816
5661
6573
7219
7406
6551
5634
6174
5995
6007
7138
5983
6564
6385
6067
5972
6416
6853
6401
6402
6890
7834
5072
5213
5243
6111
6231
5461
5771
5814
6065
6537
5471
5858
5858
5960
5939
4884
4925
5379
5461
5605
5380
5457
5671
5708
5751
5751
5899
6222
6388
6523
6859
6880
7584
7828
7853
7865
7915
6519
6548
7209
6561
6573
6438
6208
6336
6560
6227
6681
6279
6316
5951
6287
6349
6327
6355
5948
5622
6790
6716
6985
6798
6873
6927
7056
6880
6313
5732
7025
5665
5353
6017
5274
6205
6260
6126
6634
6634
7041
7061
6809
5339
5605
6699
6973
7961
8015
7423
5539
5843
5843
6195
6024
6093
6182
6186
6088
7236
7071
7033
7041
7078
6806
6899
6941
7001
7245
7334
5691
6026
6823
6780
6331
7632
5546
6759
5833
6641
7024
7196
6943
6891
6934
6498
7027
7433
7467
7330
7480
7103
6947
6947
5878
5816
5319
4925
5593
5218
5214
5288
5444
5326
4992
5117
6290
5733
6180
6197
6153
6028
4803
4803
5640
5640
5458
5543
6097
5966
6244
6294
6258
5916
6027
6489
6474
6348
6616
5833
5833
5639
6037
5865
5027
5228
5090
5851
6542
5374
6220
7049
7324
7003
6534
7054
7315
6776
5168
5694
6877
6945
6960
5689
5199
5981
5135
5351
6496
6839
6941
7492
8105
8253
7822
7436
7449
7820
5582
5918
6912
7166
6912
6608
6775
6818
6472
7201
4867
4891
5494
5586
5665
5541
6690
6861
6945
6694
7045
6906
5842
5838
5851
6124
6148
5822
6402
6577
6925
6931
6226
6231
6927
7330
7772
5502
5514
5884
5002
6020
6457
6023
5877
5904
6363
6633
6641
6938
6956
6495
6533
6535
5278
5458
6295
6295
5800
5968
6127
6167
6279
6460
6578
5952
7455
7374
6855
7478
7053
6955
6375
5764
5982
5939
6024
7368
7565
7185
7332
7279
7280
7224
7265
7247
5015
5737
5857
6594
6500
5083
5083
5322
5467
5689
5673
5686
5400
5340
5640
5340
5662
5372
6195
6319
5477
5870
6401
6656
6725
5473
5326
6598
6353
6804
6775
6883
6547
4955
5190
6194
6034
5582
6498
7071
6752
6775
7181
6939
7044
6981
6891
6763
7522
7522
7407
5783
7568
7903
5276
6690
7257
7385
5319
5337
5447
5851
6309
6714
6302
6915
7747
8290
6620
6680
6937
4981
5425
6156
5238
6284
6396
5238
5543
6449
5736
5765
5774
5762
6250
6316
6337
6346
7430
7588
7660
7863
7045
6998
7996
7857
8213
7377
7471
7576
7428
7133
7356
5201
5835
6467
4900
6016
5933
5985
6197
6600
6745
6787
5024
5227
6204
6209
6285
6280
5598
5370
5691
5844
5576
6755
6290
6405
6450
6797
6834
7397
7229
7135
8448
7729
6280
5842
5967
6655
5577
5232
6314
6532
6215
6073
7501
6705
6464
6714
5672
5675
6234
6638
6670
6679
5322
5549
4847
5339
5332
5553
5185
5132
5132
5218
6582
6791
6191
6191
6451
6420
6145
7147
6123
6043
5664
5700
6703
6821
6951
6980
6883
7132
6703
6945
5478
6240
6401
6321
6493
5778
6716
6749
6090
6951
7099
6958
6710
6707
6715
6722
5841
5873
6939
5403
5796
5808
5517
5883
5110
5185
5245
5013
5172
6242
6772
6630
7046
7421
6591
6612
6660
6157
5037
5050
6244
6696
6245
6396
6404
6309
6282
5841
6671
8120
8152
7548
6738
6765
7047
7314
6693
6894
6935
6697
6596
6626
5827
5836
5836
5960
6235
5790
6192
7706
6983
7491
7400
6843
7277
6476
6480
5846
7123
6727
6424
6668
5900
5961
5973
6885
6747
7059
7237
7240
7077
7167
5353
6164
6168
6403
6774
6922
6922
6805
6453
7230
7720
6915
7665
7613
7885
5050
5939
6022
6035
6055
5411
6448
6480
5150
5770
5602
5263
5505
5821
5759
6090
5088
5294
6141
7148
7839
6354
6216
5741
6069
6869
5938
6251
6504
5402
6432
5344
6119
6112
6668
7088
6868
5592
5700
5906
6271
5394
5612
5958
7093
7358
6763
6209
6348
5201
6712
6599
7165
7508
5020
5203
5244
5767
5929
6499
6908
6258
6564
7900
5979
5868
5658
5621
5809
6261
6275
5053
5136
5238
5926
6324
6927
5047
5684
6927
7680
7682
7581
5549
5765
5646
5893
6676
6783
6793
6808
7421
7227
7230
7073
7500
7164
7277
6891
5997
6086
5607
6440
6524
6722
7687
5743
6086
6126
6366
5804
6962
5800
6380
6284
6770
6602
6798
7933
8074
7394
7090
6531
6674
6703
7732
7741
7923
8589
8420
6662
6336
7292
6277
7108
5170
5257
6206
5056
5839
5591
6057
5020
5810
5678
6073
6085
5652
5653
6780
5779
6006
6326
5863
5882
6073
6981
7613
8372
8521
8229
7588
7442
6591
7133
7277
7640
7674
6246
6339
6262
6965
5484
6487
6682
6653
6480
6620
6659
7259
6072
6373
6667
6690
6732
6793
6765
6774
6786
6811
8358
7707
8310
7930
7882
7411
7130
7426
7444
7330
7336
6347
6640
6733
6733
6733
6817
6936
7414
6844
7092
7180
7178
6998
7302
6934
6656
6666
7399
7704
5436
6329
6190
4956
5239
5014
5936
5925
6139
6331
6422
5399
6500
4940
5121
6069
6696
7119
7665
7140
5557
5754
5799
5592
5357
5360
5746
6198
5001
5001
5137
5645
6073
6640
6723
7436
5400
5371
5986
6016
5412
5538
6136
6806
5972
6131
6021
5973
6036
5846
6097
6124
6164
6064
6393
6329
6093
6304
4920
4986
5087
5112
5247
5440
5989
6047
6032
5738
6076
6013
5925
5274
5803
6313
5428
5699
5830
5029
6124
5627
6800
7874
7222
7227
7168
7258
7183
7383
6092
6615
5384
5647
6155
6196
5811
6383
6184
6548
6534
6529
4955
5485
5646
6293
5461
5290
5611
5674
5507
5525
5641
6043
6272
5785
5785
6756
7096
7036
7275
7298
6660
6779
6798
6912
6865
7533
7401
7353
7933
8050
6016
6083
6189
6945
9026
8085
7414
6531
7246
7248
8325
8459
8179
8025
6650
6228
6230
6747
7707
7049
5855
6978
6713
7252
7598
7561
7439
7406
7478
7858
7724
7803
7716
7159
5584
5647
5649
5362
6663
7443
6219
6248
8057
7218
6254
6245
5864
5889
6287
6849
7201
7380
7465
7759
6199
7044
6385
6594
6809
6880
7325
8853
8537
7200
7278
7963
8134
8107
6142
5974
7273
7507
7577
6264
6525
7131
7075
8330
7855
8555
8735
8705
8747
5297
5352
5774
6044
6801
6695
5780
5905
7065
7225
6778
8182
9022
9142
9473
8991
8458
8472
8731
7407
7758
7318
7044
8337
8976
9128
8625
8459
8056
5055
5457
5416
5460
7170
7527
7168
7081
7110
6628
6294
7387
6991
6980
5894
6137
6631
6944
7274
7298
7313
6759
5052
4999
5746
5392
5417
5548
5425
5662
5978
6082
6103
6117
6410
6238
5990
6296
6197
6100
7300
7901
6118
6526
6895
6983
6991
6820
7227
6781
7396
5656
6036
6128
6234
5122
5721
5727
6002
6047
5763
5787
5483
5893
5926
5685
6246
6173
6153
6157
6592
5319
5485
6285
6445
6135
6291
5485
5776
5958
5963
6187
6551
6491
6321
6202
6892
6709
6970
7314
7563
7563
7569
5692
5152
6035
7010
7402
6581
6212
6404
6341
6193
6243
6584
6858
6226
6244
6267
6512
6864
6125
6128
6791
6825
6825
7849
7883
7139
6761
6740
6737
6672
6611
6685
6581
6702
7000
7073
6924
6707
6987
6870
6960
7347
7601
7620
8524
7860
8067
8020
8074
8175
7955
7157
7442
7556
6161
6224
6253
6568
5669
6093
5412
5526
5544
6294
5969
5988
5909
6827
6868
7396
7324
7355
6345
6541
6135
6687
5533
5581
5581
5266
6127
6293
6460
6219
5903
5933
5979
5922
6034
7375
6418
6577
6625
6484
6487
6892
5851
5726
5741
5790
5473
5505
6061
6479
6639
6992
7344
5843
5845
6344
7029
5404
6017
6222
6449
5931
6835
6890
5721
6381
6512
6395
6047
6225
5066
5827
5676
6166
6825
6499
6401
7075
6687
6705
5085
5184
5242
5383
5480
5924
5753
6143
6711
7327
7254
6748
7360
6133
6718
6466
6506
6460
6885
5486
5598
5894
6902
6934
6934
6584
7703
8461
6655
6773
7189
7597
7770
7775
8801
7326
5158
5996
5655
6989
7209
7933
7933
6117
6182
6772
6436
5168
6402
5226
5237
5341
5550
5401
5500
5398
6425
6954
6488
6203
6155
6271
6701
6563
5442
5209
5684
6044
6254
5406
5963
5665
6647
5556
5583
5807
6417
6737
5138
6844
7853
6601
6962
6934
7848
7126
7116
7659
6764
7420
7711
7738
7340
8091
7569
7719
8207
7289
7069
7742
7550
7618
7626
7686
5119
5316
5675
6018
6022
6429
5964
7230
5239
6454
6775
6810
6296
8049
7101
6340
7311
6618
6109
6830
7277
5750
6903
7719
7894
7948
8244
7586
5895
6308
6336
6576
5382
7176
7781
7673
5157
6074
5550
5577
5872
5596
6500
6465
4971
5806
6109
5856
6247
6615
6373
6359
6221
5364
5437
6073
5933
5884
6115
6284
6437
6715
4987
6934
5191
5231
5285
6185
6097
6440
7853
7853
7935
7036
6417
6264
7307
7512
8147
6856
6939
6199
6356
6831
6831
6988
6431
7202
7202
6541
6635
6508
7543
7925
6205
6070
7648
5426
6006
5055
5650
5430
5702
5821
5629
5629
5409
6183
6158
6499
6582
6135
5991
6036
6848
5400
5669
5672
6006
6030
5981
6844
6506
5020
5787
5789
5197
5146
6076
6101
7216
7511
7180
7215
5732
6596
5151
5185
5165
5305
5779
6265
5303
5270
5368
6278
7270
6389
6702
7294
6447
6762
6944
6861
6782
6762
6777
5229
5265
5265
5422
5888
6349
5149
5258
6987
8191
7397
7451
6931
6543
7149
7172
5441
5558
5743
5703
5882
6816
6969
6981
7621
7992
8004
7972
7408
5154
6869
5182
5556
5378
5702
5442
5587
6645
7007
7285
6905
7868
7365
6896
7257
6867
6954
5201
5045
5211
5025
5653
5212
5467
5591
5552
5563
6005
4978
5646
6337
6348
6634
6859
6702
6705
5380
6263
6485
6497
7734
6974
7913
7351
6442
6135
6164
6000
6280
6501
7487
7109
7860
5112
5139
5478
6315
6454
7233
7152
7065
6889
7098
7176
7225
7225
6729
7692
7499
8064
7557
7462
8014
7945
8229
8243
7357
7209
7404
7394
5236
5840
5788
6028
6731
6610
6693
6252
6250
6798
6954
6815
6909
7266
7460
4937
5084
5109
5155
5163
5132
5134
5683
5991
6618
6215
6321
7316
7375
7300
7309
7520
7478
9183
7936
7307
7311
8286
8499
8625
8663
8383
8611
8228
8942
8875
8692
7042
7583
7766
7464
7504
6313
6195
6413
6290
5776
5882
5936
6425
6494
6358
5263
6173
6235
6338
7023
7028
7077
5439
6530
6530
6792
6731
4955
4969
5341
6368
6244
5830
5835
6335
5767
5897
6431
7057
6774
6899
6678
6366
5683
6101
6291
5990
6998
6435
6566
6612
6988
7200
5199
5461
5682
5586
5668
5419
5780
6590
6671
6633
6560
6898
6464
6505
6639
7117
5890
6442
6465
6744
6426
6859
5504
6776
6871
7407
6002
6379
6221
6445
6761
7033
6404
6695
7228
7243
6840
7695
7748
6518
8128
9418
8492
8060
8247
7746
7988
8016
8379
6590
8000
8369
8201
8183
8754
8548
6293
7172
6230
6935
7053
7493
5928
6168
6259
6275
7636
7987
8908
9918
7052
7133
7355
7212
7444
7263
7286
7292
7676
7716
7124
7385
7388
7900
7741
8055
7988
8003
7396
7505
7139
9391
5579
6625
6704
6402
6414
6418
6726
7052
7417
7552
7161
7502
6712
7956
7956
6990
7091
5866
7073
7248
6975
7308
7840
8549
8595
8595
5592
5584
5648
5629
6493
6902
6972
7228
7835
8076
6711
8169
8833
6748
5008
5107
5200
5668
5292
5694
5679
5625
6139
6061
5641
6410
6413
6276
6179
7034
7230
7072
6443
6855
5820
5820
6383
6376
6388
6617
6626
7392
7073
7021
5052
5102
4947
5028
5928
6173
6274
6029
5619
5441
5929
5940
6933
7101
6311
7095
6643
6870
6869
6897
6856
6916
6656
6362
5893
6600
6938
7020
7099
7151
7276
6526
6692
6622
7113
6934
6715
7024
7060
7189
7838
6793
6704
6943
6925
7389
5571
5779
5803
6064
5951
6288
6323
7048
5213
6248
7080
6062
5540
6664
6692
6723
6748
6728
6628
6970
7255
7330
7343
5339
6112
6188
6259
4921
5405
5512
5512
5520
5537
5531
5447
5848
5842
5609
6284
6947
6816
7110
5164
5704
5448
5708
6247
6488
6774
6765
6525
5049
4887
5418
5000
4955
4970
5028
5380
5398
5803
5916
5146
4950
5206
5519
5127
5222
5494
5507
5830
6022
6379
6350
5868
6806
6249
6020
5219
5465
5643
5876
5891
6309
5934
6180
6206
6720
7053
7017
5427
5305
5635
5442
6519
7465
7986
7358
8041
7996
5066
5372
5899
5999
5742
4875
5379
5390
5347
5941
6143
6441
6809
7116
7058
7149
7074
5646
5379
6729
7282
7176
7293
6473
6513
6449
6823
7618
7620
6770
7114
7376
7524
7263
6627
5791
6871
5360
5713
5090
4956
4992
5019
5554
5738
7481
7985
7916
6372
6541
7739
5214
6638
5278
5322
5777
6829
7313
4972
5515
6488
5637
6856
7917
7941
7839
8233
8012
7434
7217
6100
6922
6676
6711
6782
5095
5471
7302
6847
5292
5439
6222
6218
6057
7367
5764
5810
6080
5729
5372
8155
8238
8155
7938
7320
7032
6682
5105
5292
5550
6422
6249
6992
6597
5305
5683
5762
5885
6570
6490
6236
6059
6089
6091
6283
6809
5902
5894
5994
6028
5868
6436
5834
6503
6937
6639
5953
7546
6604
8171
7514
6577
5173
5372
5379
5445
5068
5897
5894
5966
6220
6505
6612
5721
5791
5884
6597
5491
5631
5722
6676
7158
6808
7045
7391
7591
7664
7607
6625
6750
5884
6387
7137
7659
8235
8425
7094
7094
6486
7102
7506
6282
4953
5492
5515
4920
5747
5886
6170
6414
5629
6568
6424
5799
6341
6800
6815
7058
6811
6061
5986
6337
6119
7022
7278
6423
5955
6513
5871
7192
6687
7762
7428
7441
6018
6142
6115
6351
6394
6609
6522
6171
6963
7279
6866
6867
6352
5965
5776
6771
6927
6954
6799
6322
6375
5746
6554
6580
6734
6682
5545
6667
6891
5608
5800
5202
5690
6642
6414
5693
6379
7178
6237
6389
6465
6617
6543
7258
6625
6715
6747
7194
8250
7406
7259
7393
7475
6106
5999
6908
7544
8361
7817
7544
6924
5971
6119
4846
4893
5836
5969
5565
6124
6354
6551
7780
7750
7946
7324
7934
7799
4955
5189
5211
6034
6083
6976
7055
6771
7193
7535
7541
5263
6551
6412
6071
6578
5335
5626
5413
5563
6196
6205
6041
5759
7354
5878
6489
6449
6975
5021
5192
5074
6221
5358
6257
5939
6233
6157
5965
7022
7473
5351
5359
5356
5626
5753
5657
6487
6575
5471
5610
5746
5944
5929
5603
5648
5357
5657
6262
6371
6337
6239
6036
6871
6695
6673
6573
4681
5185
5275
6801
6619
5245
5565
6571
6658
6567
6823
6262
6986
7975
7460
5149
5518
5612
4987
5075
6101
6326
7104
6838
6630
5549
5598
6122
5781
5878
6260
5606
5844
5827
5864
5961
6024
5073
5261
5270
5420
6108
6383
6311
5021
5152
4934
5597
5221
5487
5559
6166
5177
5755
5929
5088
5262
5730
5963
5966
5980
6107
6441
5926
6500
6705
7467
5281
6072
6185
6279
6116
6354
6396
6492
6300
6239
6442
6829
6190
6271
5809
6186
6225
6008
6545
5620
7247
7202
5190
5388
6088
6122
6985
6319
5264
6932
6464
6478
6611
7407
6504
5222
5863
5385
6447
6932
5288
6039
6075
5608
6513
5799
4977
5856
5892
6077
6015
6158
5350
6653
6851
7025
5088
6407
6396
5440
6531
5550
5782
5637
5659
5816
5770
5603
5742
5964
4938
4965
5231
5299
5274
5955
5888
5191
5496
6437
6625
5525
5290
5043
5769
6260
5182
5392
5473
5368
5448
5785
5197
6373
5455
6401
6651
6829
6679
6248
7319
7489
8733
8653
7957
7712
7767
6663
6731
6573
6642
6899
6569
6542
6689
6386
6900
7377
7073
7361
7261
7347
8079
7554
7515
7406
8268
7988
9073
5254
5951
6506
6529
7547
7374
5070
6142
6358
6458
5096
5337
5799
5906
5408
6232
6375
6283
7710
8117
4981
5143
5964
6048
6375
6368
6718
6118
6120
6128
6645
6645
6139
6975
6989
6468
6672
6097
8411
8420
7834
7890
6880
5982
7738
8204
5942
7290
7306
6976
7167
6843
7380
6110
6574
6946
6431
6957
7393
6544
6694
6927
6433
6334
6987
7004
6531
5894
6125
5901
5821
6085
6062
6415
6183
6264
6116
7014
4915
5235
5554
5441
5783
6147
5969
6599
6601
6374
6441
5515
5681
5240
5282
5583
5440
6013
5712
6294
6596
6528
6853
6612
5812
6106
7101
7057
7722
7609
6494
6161
6690
7029
6285
5836
6359
6036
4918
5137
5137
5773
5813
5813
5953
6164
6197
6079
5892
6344
6489
6603
7639
6372
6804
6894
6809
5541
6034
6519
6681
6221
6210
6190
6328
6374
5860
6458
6490
6778
7301
7573
7077
7021
7021
6351
6128
7046
7193
6762
6962
6367
6742
7439
6727
6693
5044
5068
5818
5128
6178
5042
5553
5285
5343
5732
5734
5357
5296
5379
6336
6878
6692
6542
6480
6518
5960
5612
5468
5325
6364
6399
6483
4921
5660
5713
5682
5520
5154
5750
5781
5884
5919
4962
5156
5009
5167
5234
5365
5994
6802
6756
6927
5946
5226
5232
4875
5032
5515
5484
5880
6014
6077
5348
5519
5498
5549
5655
5839
6227
5603
6106
6111
5712
5419
5077
5129
5313
5160
6257
6678
5886
5937
5952
6358
5168
6181
6240
6119
6372
6135
6505
6294
6536
5543
6809
6374
7668
7341
8471
8019
7876
8049
6686
7166
7040
6752
6804
7627
7632
6515
6623
6677
6684
6010
6070
5489
5306
6067
6072
6076
5822
5954
6369
6616
5055
5318
5608
5903
5892
5161
5345
5590
5820
5782
5847
5926
6184
6564
6419
6290
6450
6458
6090
6666
6828
6759
6747
6693
5970
6268
6284
6061
5836
5889
6510
6997
7048
7099
6768
6870
6356
5322
6050
6714
6743
5884
5918
7467
7675
7620
6121
7423
7649
6808
7538
5888
6053
6283
7018
6377
6259
7066
7394
5989
5870
6558
6347
6469
6473
6195
7157
5315
5382
5647
5695
6654
6732
6239
6851
6830
6896
6783
7018
6569
7237
7418
6758
7236
7238
7407
7548
7482
7517
7967
7366
7371
7525
8015
5240
5489
5585
5501
5668
6476
5988
5791
6289
5664
5653
5779
5797
7016
7619
6042
6045
6192
5939
5805
5077
5092
6937
6997
6981
6895
7222
7675
5842
6039
6072
7078
7672
8054
5243
5533
5530
6251
6635
6887
6645
6038
5625
6129
6573
6700
7452
7359
6794
6792
6987
4915
5241
5007
5584
5584
5922
6080
5424
5448
5710
6936
7037
7316
5779
5782
5074
5605
5614
5905
6593
7055
7690
7336
6351
6539
7233
7219
7058
7048
5451
6058
6472
6364
6607
6682
6293
6480
5707
5559
6548
5401
6269
6180
6595
6589
6336
6212
7232
7864
7199
7847
7275
6863
6891
7258
7519
6396
6262
5169
6396
6676
6654
6696
5799
5839
6102
6818
6940
6877
6343
6410
7177
7208
7343
7057
7072
7058
7203
7140
5618
5454
5837
5834
5852
7171
5743
5901
5780
6053
5892
6621
6621
6829
5958
6105
6403
6351
6420
6277
6013
6226
6315
6454
6456
5341
6424
6267
6296
6296
6626
5664
6435
6751
6512
8537
6619
6437
6391
7069
6924
6783
6732
7203
6857
6762
7093
6846
6668
6812
6750
6742
6787
7162
7815
8202
8266
8276
8272
8081
7752
5146
5150
5296
5296
6098
5522
5045
5230
5573
5944
5967
6024
5441
6067
6061
6381
6388
6181
6099
5480
6227
6105
6026
5414
5853
6293
6077
5023
5612
5652
5695
5594
5913
5766
5775
5139
5321
5318
5357
5523
5873
5749
5487
6288
5706
6069
6255
6288
6131
6615
6921
6161
6349
6528
5934
6406
6452
6514
6083
6118
6465
6080
6677
6128
7692
8122
7228
7256
7262
7517
4952
5801
5906
6024
6569
5233
5357
5100
5302
5528
5553
5224
5403
5800
5958
5740
5434
5740
5741
5771
5162
6156
5472
5731
6134
6134
5968
5793
6454
7314
7191
7216
6923
5157
6272
6420
5729
6255
6003
7038
7159
6929
6941
7082
6967
7522
7566
6968
7320
6700
6756
6793
7022
5291
6122
5688
5763
6724
6405
6923
6706
6361
5627
6341
6591
7042
6465
6256
6885
6172
6160
6169
5670
5310
6302
5650
5746
6579
7175
7353
5713
5910
6688
6815
7495
7373
7102
6717
6732
6881
6971
6157
6724
7101
7037
6888
7834
7788
7391
5201
5056
5600
5825
5863
6562
6470
6405
6524
6523
6536
7318
5134
5496
6358
7137
6762
6391
6050
6651
5699
6771
7307
7801
7749
7603
7729
7629
5140
6085
6364
5874
6542
6922
7457
6977
6320
6309
7459
6505
6839
8125
8029
7505
5700
5407
6388
5874
6500
5435
5651
6575
6299
6108
7059
7081
6709
5726
5642
6267
6190
6312
7011
6907
7023
6964
7201
6901
7322
7726
7250
6963
6971
7443
7435
7359
7259
6693
6683
7275
7099
6706
6736
6748
7038
7495
5464
6717
6175
6275
6415
6174
7087
5650
6789
6186
5685
6675
6796
7783
7783
7539
5875
5532
5532
6208
6515
6389
6287
6289
6473
6894
5909
6045
6785
6737
6277
6604
5707
5991
6007
5952
6142
6294
6158
6163
6271
5468
6240
5587
6104
5780
6902
6361
5276
5403
5468
5632
5904
5930
5889
6449
6199
5602
6606
6877
7493
6614
5824
5923
5857
6351
7016
5505
6669
6637
5106
5151
6341
6873
7026
6762
7021
5953
6365
5796
6398
6594
6279
6479
6879
6836
6483
6899
6843
6340
6419
6515
6451
6483
6548
6058
6147
5854
6010
5641
6619
7044
6213
7611
8886
8483
8350
5452
6126
6148
6448
5730
6321
6443
5604
5721
6256
6275
6698
7360
7501
5026
5439
5226
5833
5797
6019
5260
5795
5903
6958
7866
7688
7651
7722
7747
7477
6405
6222
6703
6220
6231
7267
5112
5122
5809
5888
5939
6379
7520
6832
7782
8391
8508
6004
6005
5483
5498
5763
5703
6912
6928
7310
7122
7525
7827
7650
7923
8099
8142
8129
8375
6356
7299
5313
5679
6885
8867
8173
8289
5169
5241
5366
5694
5742
5800
6373
7150
6263
6419
7195
6932
7513
7594
7681
8025
8250
8634
8634
6960
6158
7371
7375
7330
7237
7829
7907
7591
7622
7599
7379
8056
6644
6646
7252
7116
7076
7199
7183
7488
6069
6124
7307
6746
8107
9313
7645
7877
7936
6704
8276
8286
8488
7560
7417
7455
8346
8525
8561
7861
8155
8160
8350
6430
6485
6699
8843
6191
7107
7110
6672
7414
8098
7800
7523
7296
7410
7241
7883
7756
7560
8258
7533
7673
7869
6512
6283
5794
6913
6994
7008
6838
6682
6691
6700
7990
8023
8008
6484
7036
7036
6993
6689
6729
7110
7237
6836
6944
6894
7014
7040
7436
6690
6766
6887
7473
7677
6920
6640
7105
7513
6044
6105
7377
7806
7868
7758
5195
5389
5499
6590
5536
6330
6214
5475
5480
5805
6372
6245
6422
5725
5946
6446
6301
7128
6188
6657
7528
6603
5193
6227
6878
5697
5475
5813
5137
6529
6590
6632
5770
6090
6323
4949
5236
5533
5878
5762
7473
7679
6537
6689
6375
6187
5139
6230
7078
6249
7521
7172
7224
6804
7251
6971
5150
5263
5702
5740
5862
6489
6707
6765
6860
6250
7034
7050
7072
7315
7178
7922
7273
6718
6576
4825
5775
6468
6061
5369
5956
6129
7018
7902
7902
7227
7466
5705
5882
5902
5649
5675
5997
4989
5592
5755
6228
6237
5910
6223
5861
6228
6774
6967
8028
6575
6624
6631
6733
6385
6326
6819
6445
6254
8036
8235
7580
7657
6088
6108
6962
6775
6097
5726
5077
5055
5641
6268
6656
7157
6341
6581
6669
5796
5699
5948
6729
7016
6355
6412
7091
6948
6806
6660
6355
6672
6531
6660
6673
8245
8352
8425
6308
6599
6624
6440
6440
7132
6007
5927
6037
8188
8041
8599
8641
7695
7604
8512
8066
7811
7052
7179
7145
6685
5562
6473
7521
7714
7847
7997
7898
7847
7670
7935
8661
8401
5952
7433
7649
8392
8524
8179
5133
7174
7334
5524
5686
4867
5346
5812
6056
6637
5444
5478
5558
5529
5211
6092
6425
6400
5841
5342
5472
5430
5581
5606
5668
5505
5869
6483
5450
6244
6558
5373
5888
6358
5917
5927
5662
5945
6469
6514
7045
7045
5882
6151
6605
6537
6580
6433
6412
6788
6958
7916
5456
5521
5550
6137
6125
6127
6396
5750
5726
6484
6638
4994
5570
5623
5111
5675
5687
7575
6800
6704
7585
6762
5747
5939
5377
6305
6381
5337
5281
5334
6554
6566
6685
6907
7157
6494
7667
7964
7644
7624
7394
6274
6356
6459
7398
8024
8060
8439
7723
6728
7024
6211
6497
6975
6521
6521
6593
7480
7877
7907
7610
8775
8304
7552
6515
8363
7159
5620
5865
5890
6446
6483
6882
5708
5761
5745
5676
6471
6785
6809
6789
6504
7069
7119
6973
6610
6856
6240
6159
6349
6916
6841
7785
7578
7447
7609
7733
5905
6001
6296
6450
6559
5434
5443
5428
5569
5682
6185
5754
5756
6703
5973
6086
7863
6291
6447
6662
6155
6375
6523
5951
6746
6746
6100
6234
6445
6647
6376
5441
5632
5652
5460
6142
6405
6230
6648
6418
7571
7256
7272
6983
7558
5101
5211
5828
5805
5807
6792
6839
6825
6850
7031
6828
7120
6682
6785
6357
6357
5440
6400
6786
7914
5794
6310
6614
6516
6516
7706
8001
6998
7265
7759
7487
6739
7468
7531
5619
5858
5557
5295
5303
6890
7508
7490
5110
5470
6774
6571
7230
7711
6045
6128
5089
5136
5149
5521
6572
5867
6060
6671
5916
6555
6859
6162
6179
6030
5874
5043
5101
5129
5855
5990
6304
5996
6107
6040
5642
6521
5960
7082
7188
5710
5768
5569
6506
5504
5571
5974
6072
6063
6275
7021
6751
6364
6431
6391
6490
7314
6968
7175
8193
8059
7020
6910
6987
6987
7395
7098
6984
6993
7305
5758
5428
6018
6578
5329
5849
5623
5549
6186
6576
5501
6009
5978
6160
6120
5147
5453
6503
6873
6876
7035
5934
6923
8061
6987
7032
6812
7037
5740
6552
5935
6105
5581
6567
6740
5241
5382
5413
5370
5806
5256
5404
5396
6658
6719
6565
6495
6575
7384
5038
5811
5861
5897
6766
5739
5600
6870
7268
7716
7686
7835
5334
5540
7321
7556
6522
8018
5622
5278
5966
5934
4861
5539
5687
5603
6243
6365
5689
6255
6212
6084
6199
6481
6485
6485
6054
6335
6219
7454
6538
5410
5729
6612
6745
6811
6763
6536
6514
6476
7087
7117
7177
6417
7062
5170
5279
5520
5652
5684
6311
5480
5502
5805
5236
5310
5794
5703
5907
5172
6859
6041
6058
6525
6617
7140
7548
6554
6506
6389
6698
6998
6463
5986
7271
6963
6808
7208
7172
6564
5165
5165
6211
6033
6907
7825
7828
6797
6667
7171
7267
7529
7112
7022
5199
5216
5250
5395
5370
5491
5369
5452
6369
6388
6428
6811
6614
6652
6062
6126
6107
6170
6888
6727
7404
7226
7621
5919
6559
6126
6141
7067
6714
5783
6679
6406
6888
5817
6184
6133
5869
6146
6633
7534
7403
6145
6659
6586
7033
6899
6165
6220
6838
7221
7204
7383
6143
6600
6162
5863
6074
6029
7030
5737
5746
6794
6411
6165
6170
6348
6778
7997
6580
6880
6967
7153
7134
7282
7392
6014
6598
7065
6967
6443
6922
6862
7172
6573
6630
6351
6779
6510
7066
7071
5298
5376
6954
7341
7160
5372
6364
6155
5719
6935
7183
7371
7717
7476
7295
7169
7373
7304
7054
7335
7305
5696
5632
6446
5525
6662
5875
6628
6628
6876
6891
6220
6403
5953
6281
5976
6507
6534
6773
6562
6564
6771
6639
6808
6813
6650
5554
7057
6507
6519
6521
7287
5428
5429
5531
5689
6326
6265
5972
6197
5550
6462
6393
6539
6553
6381
6977
6977
6635
7137
7854
7577
7580
7570
7591
5807
5870
6105
6121
6079
6151
5642
6201
5858
5592
6093
6183
6324
5914
5974
6155
6256
6330
6557
6354
6328
6619
6005
6186
7153
7226
7457
7457
5950
6320
6409
6541
6118
6126
6091
6200
7012
6121
6502
6506
6894
7092
7038
6903
7540
7084
5330
6435
6754
8062
7756
8030
7548
7628
5634
6284
6214
6283
5700
5917
5927
7175
6134
6754
6567
7161
7162
6592
6334
6365
6850
6850
7173
8446
8105
7577
7275
7463
7266
8184
8177
5987
5112
6227
6585
6380
5318
5802
5861
5856
6367
6626
6447
6399
7071
7805
7938
7734
7619
7449
7615
7327
6921
7213
7097
7675
7345
6057
6444
6732
6805
5455
5235
5305
6529
7516
8180
6535
6554
8030
6212
6425
5070
5216
5418
5924
5839
6638
6678
6718
7512
5682
5970
5317
5321
6148
5995
6405
6412
6467
5451
5499
6594
7381
6935
7464
7246
6125
6383
6467
6455
4999
5388
5228
5576
6433
5664
6012
5176
5980
6452
5356
6509
6683
7462
7087
6797
5506
5580
6536
6644
6644
7625
8108
9369
8851
7094
7392
6946
6871
6122
4908
5207
5657
5701
5230
5966
5569
5650
5662
5251
5857
5924
6406
6276
7685
7653
6835
5823
5065
5098
5098
5605
6405
6437
7047
5239
5262
7016
6670
6591
6676
6808
6658
6023
7936
7377
6323
7074
7547
7087
6474
6119
6587
6140
6791
6421
6075
6859
7584
7863
7211
6778
6346
5605
5662
6081
6269
6278
5756
5885
6038
6030
6061
7203
7083
7072
5850
5895
6098
5303
5306
5308
6772
7436
7046
7337
5065
5256
4955
5062
5906
6462
5254
5840
6517
5717
5717
5945
5991
6695
7243
7524
7177
6309
5976
8161
6904
7529
7883
7904
6348
7062
7682
7686
7032
6700
7409
8353
8933
8965
5793
6002
6107
6667
6383
7422
7208
7307
6755
7424
7364
9192
9243
9598
8334
8390
6783
7651
7518
8130
8095
8112
8149
8125
6496
7123
7003
7297
6107
6996
7363
7369
7780
7310
7519
7824
7650
7781
7634
7041
7758
7830
7850
7571
6168
6699
6701
6144
6646
6704
7979
7355
7009
7263
6954
6989
6992
8113
7370
7402
9132
8955
8081
7694
6163
6277
7061
7472
7581
7707
8283
8156
8493
7814
7525
8874
9658
9084
9049
8590
5215
5227
5238
6227
6227
6437
6562
6534
6551
6573
6195
6256
6338
6241
6176
6176
5165
5370
5391
5422
5441
4938
5286
5337
5442
5444
5433
6214
5922
6456
7120
7418
7390
5211
5683
6724
7560
7550
7523
6056
5489
5499
5700
6583
6700
6625
6786
5398
7153
7205
7308
7003
8102
7388
7886
8497
8231
7864
8120
7516
7670
7814
6839
6841
6857
6862
6861
8558
8149
7027
7080
7034
7552
7163
6930
6741
7400
6659
7220
6852
7012
7700
7229
7056
7113
7089
6931
7369
7072
7892
7644
7549
5625
5649
6021
6935
6101
6866
6880
7277
7351
5941
6352
6387
6984
6688
7245
7587
7879
7988
6313
4965
5623
5832
5990
5206
5895
6598
6671
5017
5379
5619
5611
5852
6273
6145
5106
5277
5417
4698
5060
4955
5087
6263
6522
6253
6414
5772
5863
6442
6684
6473
6816
6727
6687
4957
5394
6252
6589
6431
6433
6518
5384
6668
5875
6874
7459
8347
8027
8378
8323
8034
7732
7455
6643
6203
5789
7520
6778
6547
6602
6733
5878
5709
7079
7279
7272
7459
7504
8451
7894
7322
5496
5884
5995
6590
6626
7537
6137
6051
6057
6514
6713
7357
7378
7026
6809
6569
6807
6866
6274
7870
5103
6180
5801
6245
6253
5416
6734
5957
5197
5367
5337
6402
6669
6685
6755
7262
7031
7617
7174
6878
6290
6582
5480
6099
6114
6147
5835
6064
6131
6412
6672
6187
7307
5498
5767
5407
5895
5819
6716
6181
6157
7084
7206
6800
6550
6550
7003
5638
5831
6388
6499
6332
6381
6404
6730
7076
7130
7129
6154
6538
6358
5477
6024
6265
6364
6883
6546
7200
5055
5115
5180
6711
6681
7569
5589
5698
5567
6033
6056
5760
6404
6534
6956
5505
6277
6169
6210
6210
6178
5750
5829
5846
5813
6805
6957
6760
7652
7619
7614
7100
7109
6943
7467
7082
6550
6659
6379
6759
6841
6770
6272
6959
7051
6613
6541
6992
5386
5463
5717
5815
5817
6270
6209
5460
5467
5626
5635
5434
5525
5863
6683
5718
6060
6208
6239
6515
6400
6856
7348
6440
6621
6502
6594
6838
6650
6811
7058
7000
6678
5794
5752
5821
6869
5398
5733
5994
5673
5767
5828
5372
6040
5180
5379
6093
5691
5771
5385
5385
5411
5758
5774
5499
5591
5997
5997
6588
6580
6580
6421
6956
6944
7029
7036
6712
7006
4867
4916
4950
5018
5183
6392
6251
7075
6559
6946
6676
6705
6602
5059
5477
5654
5583
6922
5187
5646
5948
5300
5883
5940
5984
5976
6712
5116
5547
6330
6600
5084
5532
5533
5817
5710
6581
6480
6833
5687
6363
6058
6061
6115
6286
5443
6711
6711
6815
6310
6232
6863
6863
6884
6884
5165
5397
5809
5813
6792
7151
6162
5950
6516
6119
6184
6155
5589
6039
6089
6871
6836
7588
6645
6233
6763
6819
6842
6111
6852
7392
5051
5167
6120
6292
6016
6668
5192
6231
6122
5377
5702
5927
6946
7281
7166
6734
8022
6870
7097
7141
6618
6376
6410
7140
7193
7013
7019
7767
6779
7222
7172
7206
6475
6277
6503
7051
6875
7857
6969
6193
6112
7081
7022
6816
6907
7070
6530
6586
6454
6828
7480
8316
8880
5192
5698
5212
5263
5278
6239
6965
7116
6296
6885
6935
7129
6599
7113
6533
7002
7121
6292
5874
6278
6912
6835
6901
6561
6921
6882
6079
6159
6718
6805
6120
6478
6323
6995
5992
6591
7119
7552
5819
6301
6321
5457
5608
6468
6492
6288
6700
6578
6630
7087
6807
7387
7326
7076
6527
6338
7216
6085
6091
4951
5395
5388
5388
5853
5553
6187
5229
7028
6382
5158
5170
5410
5228
5338
5851
6086
5868
5933
5863
5788
6417
6451
6414
5682
5238
6109
6561
6012
6704
6879
6170
6621
6628
6653
6632
6533
6673
7178
7402
7465
6423
6632
5604
7063
7261
6811
7206
7103
7945
7506
7424
7957
7960
8108
5881
6826
6271
6583
6610
5973
6290
6706
7231
7231
6625
6247
6458
6651
4919
5346
5341
5319
5878
5240
6511
6569
6569
5488
7385
7510
6827
6902
7010
6707
6840
6494
6454
6372
6744
5759
4924
5424
5565
5312
5832
6023
5959
6042
5948
5567
6443
6419
5923
5613
5628
5530
5739
5784
5786
6252
6403
6856
6313
5686
5667
7381
7091
7157
7124
7609
5448
5189
5924
5623
5676
5638
5199
6287
5992
6706
5440
5708
6388
6585
6395
6692
6379
6734
5819
5802
5937
5967
5789
7719
7597
7889
7740
8074
5483
4847
6143
6200
6482
6798
6740
6609
5751
5707
5742
5735
5702
6444
5365
5440
5500
6654
5646
6244
5990
6018
6056
5968
6010
5365
5860
5798
5805
5860
5646
5680
5879
6528
5915
5958
5915
5218
5786
5612
5347
5894
5249
7089
5112
5354
5382
5252
6709
7213
5270
5401
5646
5646
6313
7072
7074
6576
6867
6823
7188
5943
6470
6447
7628
7662
7716
6283
5733
7466
7640
7732
6718
7253
6768
6954
6701
5061
6278
6590
6244
5381
5585
5524
5588
6612
6271
5935
7186
7110
7186
7062
7237
6702
6316
6944
6524
6791
7099
7318
7208
7209
7002
7405
7555
7341
7849
7570
7888
6770
6837
7101
6457
7031
8582
6810
7294
7231
7031
7038
7323
5218
5366
5877
6072
5295
5453
5666
6264
5678
5730
5799
6594
6685
6939
7531
7677
8177
7835
7449
7948
7802
7449
7569
7574
6987
7520
7506
7202
6529
5808
6228
6402
6415
7267
6846
6823
6912
5813
6214
6298
6337
6256
6608
6988
7000
7011
6660
7175
6912
8180
6843
7043
7183
6869
6583
6613
6877
6506
5077
5759
6510
5005
5660
5526
6592
7687
5757
5674
5974
6318
6697
6784
5302
5307
5743
5702
5546
6668
7209
7275
7176
7190
8010
7893
8895
8759
6413
6955
8143
6591
6226
6269
5056
5353
5377
5450
5525
5495
5687
5523
6430
6461
6121
7306
7356
7734
7904
5901
5027
5140
7037
6452
6872
7096
7203
6105
6175
6217
6373
6390
6565
6661
5908
6247
6217
6274
6745
7078
7028
6911
7077
7185
7609
7866
7195
7321
7289
7301
7242
7529
7535
7241
7186
6932
6855
6954
6909
7123
6818
6653
7239
7510
7282
7649
7027
7038
7785
8128
5746
5638
5782
5726
6639
7519
7625
6963
5867
5913
5870
5942
6077
5886
5925
6716
7346
7284
7159
7137
7027
6382
5784
5936
5526
5595
5654
6692
6715
5515
6576
6216
6718
5120
5088
5572
5572
6559
5842
5882
5914
6063
6214
6539
6228
6176
7034
6680
6652
6590
6769
6753
6468
7273
4928
5626
6005
5638
6648
6474
6408
6281
5194
6026
6204
6578
7131
6974
7403
5027
6556
7031
7033
7509
6266
6999
6822
5644
6124
6124
5628
6556
7188
6847
6556
6455
7119
7419
7932
7866
7402
7448
5547
5514
5582
6707
6625
6707
6169
7148
5110
5276
5350
5227
6135
6135
6105
5761
6233
6734
6737
6830
6926
7054
7193
5527
5915
5927
6442
7240
6963
7459
7306
7265
8350
7710
9239
8677
8687
9273
8295
8295
7978
7808
7931
7371
7277
7637
7627
7924
6362
7514
5490
6732
6666
7298
5098
5888
7372
6053
6176
6174
5169
5917
6259
6443
6349
6229
6406
6534
6540
6611
6903
6565
6546
6111
5878
5936
6158
6225
5278
5311
6938
6003
6409
6461
5900
6065
6074
6182
6231
5874
6114
6113
7416
6557
6475
6160
6186
6178
5219
6132
6100
5502
5760
5764
6076
6833
6947
6965
6000
6208
6104
6973
7051
7193
6545
7174
7191
7581
5940
7058
7393
5561
5919
5573
6180
5863
6008
6006
5370
5440
6225
5112
5835
5818
5818
6975
7440
7185
6963
7060
7482
7740
6990
5756
5923
5997
5880
5771
5231
5271
5658
5663
5420
5493
6070
7251
5654
6367
5790
6026
6445
7553
7119
7187
6789
6235
6299
6755
5476
5572
5686
6614
6674
6705
7245
5636
6459
6490
7290
5936
5850
5855
5946
5947
6079
6801
6877
6944
5053
5062
5119
5032
6303
5785
5785
6011
6155
5896
6216
6236
6507
6713
5057
5504
5466
5212
6204
6219
6766
6797
6311
7036
6979
7257
6818
6002
6880
7245
6888
7714
8862
7729
7584
6895
7273
8868
8658
7212
7056
7229
7473
7594
6598
6592
6596
6797
6279
7164
5516
6728
7641
7830
6095
7060
7570
7275
7145
8111
8003
6501
7309
5162
5451
5860
7013
7235
8350
8073
7982
8231
8380
8539
8996
8902
8717
8847
8341
8074
7950
7950
8853
8807
8758
8085
8143
6523
6533
6656
7073
6231
6261
7109
6487
6590
7102
6873
7174
7481
7395
7571
5193
5737
5912
5955
5259
5516
5341
5415
6888
6911
7326
7482
5512
6384
6384
5529
5882
6603
6689
6017
6310
6692
6627
5072
5151
5321
5545
5539
5917
5920
5404
5525
5455
6586
6433
6747
6642
6655
5835
5870
5871
5666
6617
6055
6533
6130
6593
6389
6259
6984
6547
6425
6738
6650
6624
7050
6523
6557
7046
6627
6763
6599
6175
6175
5109
5696
5159
5168
6567
7057
6612
6634
7054
6806
5217
6626
6468
6382
7768
7225
6780
8333
5206
5802
6245
6375
5701
5977
6093
6429
6430
6497
6587
6790
6955
7392
6943
6187
5971
6234
6498
6373
6293
6502
6707
7488
7367
5374
6083
6723
5498
6443
6667
5660
6629
6837
6728
6628
6690
6941
7247
7023
7417
6606
6719
6799
6744
5836
5735
5722
5623
5402
5402
6682
7197
5056
5392
5407
5674
5529
6279
6473
5375
6723
7148
6836
7450
8065
8035
7383
7416
5056
5200
5349
5455
5442
5852
5368
6150
6168
5752
5763
5581
5832
5368
5510
5879
4999
5098
5220
6001
5557
5712
6042
6156
6762
6020
6286
7946
7563
6991
7666
8252
8094
8023
8215
7789
7730
5055
5196
5199
5264
5419
6074
5385
5507
5636
6038
5443
6126
6521
5278
6636
6317
5990
6315
6351
6728
6862
7286
7693
7616
6612
7122
5413
5776
6265
6264
6745
6787
6821
5942
6763
6718
6204
5657
5759
6789
5916
7043
6971
6971
6979
7333
7591
5605
6878
5084
5528
6132
6231
5486
5759
5822
5920
6078
6160
6302
6289
7157
7290
7323
7189
7001
5442
5734
5988
5993
6066
6177
6678
6649
6583
7160
7160
8130
8130
7171
7288
7608
6259
6426
6290
6890
6779
7761
7821
6629
6790
6819
6834
7095
7008
7054
7137
6261
6809
6911
6331
6952
6524
6753
6827
6827
6918
6630
6738
6452
6453
6764
6805
7319
7543
7026
7381
7381
7566
7483
6921
7232
6677
5943
6124
6207
7550
7748
7500
7033
7332
7718
7973
8149
7454
7707
7994
7987
8010
6882
6991
5921
6166
5987
6013
6155
6156
7050
6874
6843
7378
7233
7113
7534
7115
7544
7867
5027
5112
6081
5525
6074
6227
6148
6810
5089
5403
6371
6028
6679
6354
6440
7241
6839
6802
6863
7578
7662
5507
5531
5111
5148
5247
6456
6439
7466
7239
7274
7062
6332
6190
6095
7188
7292
5317
5560
6460
7836
5822
6363
6412
6435
5607
5607
5553
5491
5762
6108
6124
5605
5516
6333
6639
6760
6418
6504
6754
6762
7098
6946
7367
7916
7056
7139
7092
7285
6701
7152
7465
7453
7841
7747
6748
6674
7104
8224
8219
6898
7410
5203
5679
6212
6359
5389
6193
6476
5695
5855
5921
6146
6732
6758
6780
6234
6033
5853
6316
6979
7346
7413
7293
7207
7429
7429
7527
7151
7485
7727
7735
5354
5629
6561
5282
5297
5299
6705
6261
7647
7099
6384
6494
6555
6740
8614
8581
6175
6620
6863
6696
7343
6811
6815
7203
7698
6041
6793
5709
6021
6022
6329
6050
5847
5840
6709
6930
7260
7279
7052
7098
7866
5866
6013
6164
5677
5685
6211
7144
5726
5941
6434
6316
5893
6915
7173
5993
6025
5714
6215
6128
6057
5884
6144
5415
5468
5410
6895
6790
6806
5579
5605
6154
6381
6729
6210
6207
6207
5281
6659
6144
6609
6299
6334
6583
6793
7521
7545
7034
7204
6788
7378
7286
6396
6415
6516
6394
6536
7155
6848
6838
7601
7074
7303
6157
6215
6189
8174
6210
6523
6317
6395
6395
6817
6788
6844
6727
6724
6925
6420
6455
6508
6477
6952
7201
7038
6903
6175
5231
5277
5636
6081
5349
5579
5661
6309
5630
5929
6582
7157
7095
7103
8165
7987
7811
7979
5678
5696
6645
6867
6975
7259
5473
7244
5824
6450
5943
6903
7124
6667
6688
6688
6622
7343
7240
6388
6308
6692
7701
7648
7716
6624
7045
7122
6825
7832
7861
6096
6126
6368
5831
5912
5859
6256
6164
6369
6757
5843
5913
6215
6168
6065
6473
6061
6259
6220
6225
6569
6232
7720
8993
7720
7727
7396
7430
6292
6360
7233
6102
6092
6158
6428
6726
6777
6554
7133
6949
7304
7318
6276
6024
6096
6215
6893
7013
7686
6839
7140
7013
7201
7338
6684
7271
7398
7103
6771
8371
7819
7683
7812
7786
6844
7338
7090
7016
5058
5415
5142
5997
6835
5632
6323
6254
5769
6782
5810
6685
6685
6971
7046
6937
7711
7536
5491
5059
5341
5312
5941
5678
5623
5685
6001
5720
5356
5497
5582
5879
5767
5391
5827
6602
6745
7251
7040
6908
6908
6727
7339
7720
7722
7597
6800
6219
6476
6282
6039
6615
6714
6684
6494
6107
6315
6118
7010
6822
7261
7237
7274
7443
