1352223
1355486
1353137
1352223
1351803
1355980
1351770
1353453
1355486
1356503
1357051
1352618
1356503
1355486
1351950
1351858
1353137
1352618
1353802
1354584
1354178
1353802
1352405
1353137
1351770
1355021
1351770
1353137
1353453
1356503
1352618
1355980
1351770
1356503
1353453
1351858
1351858
1357051
1354584
1352405
1355980
1357629
1355021
1355021
1351950
1352405
1355980
1354584
1351858
1355980
1352405
1351858
1352862
1351803
1354178
1352862
1355980
1351803
1352405
1355486
1357629
1355021
1351770
1351770
1351770
1353453
1351950
1351950
1353137
1355980
1353453
1352405
1352068
1354584
1353137
1352862
1352862
1355021
1353453
1353453
1353802
1352223
1351803
1352618
1355021
1355021
1352068
1353802
1355980
1353802
1355021
1355980
1352223
1355486
1352068
1352405
1355021
1352862
1356503
1354178
1354584
1352862
1357629
1357051
1353137
1352862
1355486
1357051
1353802
1354584
1356503
1351858
1352618
1357629
1353453
1351858
1351858
1355486
1351803
1357629
1355486
1355980
1351950
1351803
1351770
1352862
1355486
1351858
1352223
1354584
1355486
1357051
1353453
1351858
1352223
1351770
1357629
1351770
1352405
1353802
1351858
1352068
1355021
1353453
1351950
1354584
1354178
1352405
1356503
1351858
1354584
1354178
1352618
1352223
1351858
1352862
1351858
1357051
1357629
1352862
1351770
1355021
1355486
1353453
1356503
1351770
1353802
1356503
1353137
1357051
1353137
1354178
1353453
1353802
1353802
1355021
1352223
1354178
1353137
1351858
1355486
1353802
1351950
1351950
1352223
1352405
1357629
1352862
1354178
1357629
1352068
1354584
1351858
1352862
1352068
1351770
1353137
1351950
1352405
1352618
1353453
1351950
1351770
1351803
1355486
1357629
1352068
1353137
1354178
1351803
1354178
1355486
1351803
1355980
1352618
1352405
1353453
1352618
1351950
1351950
1355021
1355980
1356503
1356503
1352068
1353137
1352223
1351858
1354584
1351770
1353137
1352068
1352068
1357051
1354584
1352862
1357051
1357051
1356503
1357051
1351770
1357051
1355021
1353137
1355021
1351858
1355980
1354584
1356503
1351770
1356503
1354178
1352068
1351950
1357051
1353137
1354584
1354178
1354178
1355486
1354178
1351858
1352618
1352223
1351770
1353137
1354584
1352618
1352862
1353802
1352405
1355980
1353453
1351803
1352405
1354584
1351950
1353802
1352618
1353137
1351770
1354584
1353453
1352223
1352068
1353137
1351950
1352405
1353137
1355486
1353137
1353453
1352405
1356503
1355980
1355486
1352618
1357051
1351858
1352068
1357051
1353137
1353137
1352862
1357051
1352068
1353453
1353453
1355980
1352223
1351770
1352068
1352618
1353802
1353453
1354178
1353137
1351803
1357051
1357629
1356503
1352862
1357051
1354178
1355021
1355021
1352618
1353453
1351803
1357051
1351950
1357629
1355980
1354178
1355980
1355486
1352223
1352618
1352405
1353137
1351803
1352618
1355021
1352862
1357629
1354584
1351803
1355980
1355486
1352862
1355980
1351803
1352223
1351858
1354584
1351770
1352223
1353137
1353802
1352618
1355980
1351858
1352618
1354584
1355486
1352068
1352862
1353137
1357629
1355486
1357629
1351803
1351858
1355021
1353453
1353453
1352618
1353802
1352618
1351950
1352862
1353802
1354178
1354584
1351858
1352405
1355021
1352862
1352068
1354584
1355980
1351803
1352068
1351950
1355486
1351770
1355980
1352068
1357051
1355980
1352618
1356503
1356503
1357051
1351770
1352862
1353137
1352862
1352862
1352068
1357629
1355980
1352068
1354178
1353453
1352618
1352618
1354584
1352068
1354178
1355486
1351803
1351858
1351770
1354584
1357051
1353137
1353137
1353453
1352618
1352405
1357051
1354584
1352068
1356503
1355021
1351770
1355486
1351858
1353137
1352862
1353453
1352405
1351803
1353802
1352223
1356503
1352618
1352405
1351858
1352862
1351858
1351950
1353802
1351858
1356503
1353453
1351770
1352618
1351803
1352862
1351803
1352862
1351858
1352405
1352405
1352068
1352618
1353137
1355486
1352068
1357051
1352405
1357629
1352618
1352405
1352068
1352223
1355021
1353802
1352618
1351950
1351858
1357629
1351950
1354584
1356503
1355021
1354584
1354178
1351950
1353453
1355021
1354178
1351770
1353137
1352405
1352223
1352068
1355980
1351803
1353137
1351950
1355980
1353137
1353802
1351950
1351858
1355980
1352405
1351858
1354178
1357051
1352068
1354178
1351858
1357051
1357051
1352223
1351770
1353802
1353137
1353453
1355021
1353137
1357629
1353802
1352068
1354584
1352068
1353137
1355486
1351858
1354584
1351770
1351770
1354178
1354178
1351858
1356503
1357629
1352223
1353453
1352405
1357051
1353802
1353137
1352068
1353453
1355486
1352223
1353137
1354178
1352068
1354178
1353453
1352068
1354178
1355486
1357051
1356503
1352223
1351858
1351770
1352618
1351950
1351770
1352862
1355980
1353802
1352405
1352068
1352223
1352223
1353802
1351950
1352223
1353137
1352862
1355486
1354178
1355021
1354584
1352223
1352405
1355021
1352068
1357629
1352405
1351770
1356503
1352068
1355021
1352862
1352068
1353453
1353802
1354584
1357051
