889926
890607
887982
892712
889352
888492
888216
888668
888122
891799
888668
889098
888668
888338
888009
888009
889926
890607
888216
888492
890607
890607
889352
888122
888216
889098
888869
888009
888492
888216
889627
888668
888668
889926
890981
892240
888668
892712
890607
889352
888338
888056
888869
890257
890981
891799
888122
888869
889926
888869
890607
890981
888056
890257
892712
888668
888122
890981
891799
889098
888869
891377
888338
890981
889098
887982
888056
888216
887982
891377
888122
888492
888668
887982
888869
888122
892240
889926
889627
892712
889098
890607
888056
889926
888869
889352
892712
892712
890607
888338
889098
888056
888056
890981
892240
892712
888216
889098
888216
888338
890607
891377
887982
888009
891799
891799
888338
888122
889352
888338
889627
892712
888869
890607
887982
888216
889926
888869
888216
888668
890257
890607
892240
891377
892240
888338
891377
888056
890607
888009
891377
889098
888492
888216
889627
888122
888056
888216
890981
887982
892240
888668
888869
888492
889098
889098
892712
888056
891799
888216
892240
892712
888668
891377
891377
888492
889352
889926
891799
888338
888056
888009
890607
888869
888492
890607
887982
891799
888668
891377
892240
890257
888216
890981
888869
890607
889926
888869
888338
892240
890257
889627
892240
888009
888869
890981
891377
892712
888869
890257
889926
892240
888122
890981
888668
892240
892240
888869
891377
888338
890257
888056
892712
892240
892240
888869
887982
889627
888338
890607
892240
892712
888492
891799
888009
888122
889926
888492
889352
889098
887982
888122
888869
889926
892712
888216
889627
888492
888009
888668
889926
890981
892240
887982
888009
891799
891799
889352
891377
888122
888338
890981
889627
889627
887982
890257
888122
890257
892712
890607
889627
888869
892240
892712
888869
888492
889926
887982
887982
888009
891377
890257
891799
890981
888009
888668
887982
888668
892240
888338
892240
889627
889098
889352
888122
889352
889627
890981
889926
892712
889098
888122
891377
891377
889627
888338
889352
888216
890257
889627
888492
892240
890257
889627
890257
888122
892712
888056
889352
888338
888869
889098
891799
888492
888869
889098
891377
887982
888338
889098
888869
890981
888009
888216
892712
890257
892240
889352
888338
889926
888056
889926
889352
891377
889926
889926
888668
892712
890981
892240
888338
889926
891377
889627
892712
888338
888009
888216
888338
890981
888009
890607
892240
888122
888668
892240
888216
888338
889098
889352
888492
887982
888122
891799
888338
888122
892240
890257
888122
890607
889926
889098
890981
889098
888009
888056
888056
889627
888668
891377
888668
891799
892712
888492
887982
888492
888338
888338
887982
888122
891377
888668
888216
888869
888216
889098
889926
888122
889627
891377
888338
888122
890607
889098
888009
888216
889926
888216
888216
888668
889098
889627
888338
888869
888492
888492
890981
892712
887982
888216
888122
888338
889926
890981
888009
888338
890257
890607
891377
888338
892240
888056
891799
888009
887982
892240
888338
889926
889627
889352
887982
887982
889352
888492
889098
891377
887982
890257
888216
889098
892240
891377
890607
889627
889926
891377
888216
890607
892712
888009
892712
888492
889926
891799
888668
890257
888216
890257
888492
888122
889926
890981
888216
888056
889098
888056
888668
889352
891377
889926
888869
888122
891799
889627
888122
891799
888869
888869
889926
890981
892240
887982
889352
889627
888338
892240
889926
889352
887982
892712
890607
887982
888056
888668
888122
889926
889352
892712
889627
