868603
868999
869326
870311
870982
872200
870311
868559
869147
870628
870311
868999
868603
869765
869147
870311
870628
869534
868761
868559
869326
870025
870628
868559
872651
870311
869147
873125
868999
870982
870025
872200
869534
869147
869765
870311
868868
868603
868559
870628
868761
870982
869326
868999
870628
868761
873125
871364
870982
870311
872200
868603
868761
870025
870311
868673
870311
868540
870025
869147
868603
868603
868868
868540
872651
871768
870311
868761
869147
870982
868999
873125
872200
871364
868999
870025
869326
870982
869147
868603
871364
870628
870628
873125
870628
870982
870025
868999
870982
868603
868603
868868
870628
871768
868999
870311
868559
869147
868868
869326
869765
870311
869326
869326
871768
868673
869326
868868
868999
868761
871768
868603
872651
869765
869765
870311
870311
869534
869147
871364
870311
872651
868559
870982
871364
871768
869147
871768
868673
870628
870628
868603
870982
869765
869765
870025
868603
869147
868868
869534
870025
868559
868540
872651
868540
869765
872651
870628
868540
870982
869534
868559
870311
873125
871768
869326
871364
870311
868868
873125
870982
869147
869765
869534
872651
868559
869534
868559
871768
871364
873125
871768
872200
873125
871364
868868
872651
868603
873125
869147
871768
871768
869534
869534
871768
870982
868999
870311
869147
873125
868540
869765
869147
869765
868540
868868
868540
872651
869147
868868
870982
868999
868603
873125
870982
868868
870628
870628
869326
870628
868559
868868
872651
873125
868673
870982
868603
869534
871364
872651
869534
868673
869534
872200
868603
872651
870025
870025
872200
868999
871768
868540
868559
873125
869326
871768
868868
868603
872651
870628
868673
869326
869147
868603
869326
872651
868868
873125
869326
869326
872651
868999
870311
869326
868761
868673
869147
868673
871364
870628
869765
870311
870982
870311
870025
868603
872200
872200
870628
871768
873125
872200
870628
870982
873125
868603
870628
870628
869765
869765
868603
869534
872200
868673
872651
869765
869147
870982
870982
868603
871768
868868
871364
873125
868999
871364
869765
870311
868540
868673
869534
869326
868559
870025
868673
869534
868603
868868
868603
870628
871768
870628
868673
870982
871768
869765
868761
868761
870628
873125
871364
869765
870311
872651
869534
869147
868603
869326
873125
868673
870311
872200
870025
870628
869326
868673
870025
870025
871768
870982
868761
870628
869147
869326
871364
870311
868999
869326
868868
868540
869326
868540
872651
869534
869147
871768
868761
869765
868868
868761
868559
872200
868603
868559
873125
873125
870628
873125
869765
869765
870628
868673
870025
869534
868540
869147
869765
869147
871768
871768
869147
870628
868868
870982
869765
868559
870025
871364
870025
872200
868540
868559
868673
870025
868673
870025
869765
872200
869765
869534
871364
870311
870628
869147
869765
870982
871364
868559
868559
868540
872651
872200
870982
870025
870311
868868
870628
868761
868559
870628
869765
869765
871364
868559
868559
873125
870628
868540
868761
868761
872651
868540
868868
870311
869326
871768
871364
870311
872651
868868
870628
868761
870025
871768
871768
870311
868559
872651
868868
870025
870025
871364
869534
869147
872200
873125
870982
873125
869326
869147
870025
869147
871768
872200
869326
870628
870628
868761
868999
868540
872200
869326
870628
869534
868868
869765
868559
871364
871768
869147
870982
869326
870025
868761
868761
869534
870311
869147
871768
868559
871364
869326
869534
868540
868999
872651
870982
869326
868673
