13611
14407
11191
14007
12138
14556
13910
14753
14660
14781
14663
14017
14016
14777
14444
14864
13357
14611
14623
14465
14691
12924
12438
14436
14689
14782
11475
12019
12385
14266
11966
14585
14465
13935
12635
14782
13819
13467
14610
14689
14503
14695
14583
14782
11227
13517
10759
10887
14295
14181
8433
13440
14529
10978
14851
14607
14617
11777
14495
13685
14428
14263
14691
14485
14556
13258
14021
14057
12823
14221
13962
14449
14423
14619
14589
14561
12788
14625
8546
14660
14444
14767
14671
13506
12599
